<?xml version="1.0" encoding="UTF-8"?>
<testng-results ignored="0" total="1" passed="1" failed="0" skipped="0">
  <reporter-output>
  </reporter-output>
  <suite started-at="2023-01-04T22:25:33Z" name="All Test Suite" finished-at="2023-01-04T22:27:01Z" duration-ms="87827">
    <groups>
    </groups>
    <test started-at="2023-01-04T22:25:33Z" name="E:/testing/java/projects/simple-maven-project" finished-at="2023-01-04T22:27:01Z" duration-ms="87827">
      <class name="Pages.HelloTest">
        <test-method signature="helloTest()[pri:0, instance:Pages.HelloTest@393881f0]" started-at="2023-01-04T22:25:33Z" name="helloTest" finished-at="2023-01-04T22:27:00Z" duration-ms="86412" status="PASS">
          <reporter-output>
          </reporter-output>
        </test-method> <!-- helloTest -->
      </class> <!-- Pages.HelloTest -->
    </test> <!-- E:/testing/java/projects/simple-maven-project -->
  </suite> <!-- All Test Suite -->
</testng-results>
